<?xml version="1.0" encoding="UTF-8"?>
<!-- Generated by org.testng.reporters.JUnitReportReporter -->
<testsuite hostname="LAPTOP-QUOMNJ5A" failures="0" tests="1" name="com.SimpleJenkins.sample.Simple" time="0.011" errors="0" timestamp="01 Jun 2022 04:12:32 GMT" skipped="0">
  <testcase classname="com.SimpleJenkins.sample.Simple" name="simple" time="0.011"/>
</testsuite> <!-- com.SimpleJenkins.sample.Simple -->
